<?xml version="1.0" encoding="UTF-8"?>
<!-- Generated by org.testng.reporters.JUnitXMLReporter -->
<testsuite ignored="0" hostname="Sciencefreek" failures="1" tests="1" name="chromeTest" time="1.062" errors="0" timestamp="2024-12-07T11:17:45 IST">
  <testcase classname="jailer.tests.LoginTest1" name="logintest1" time="1.028">
    <failure type="org.testng.internal.reflect.MethodMatcherException" message="
[public void jailer.tests.LoginTest1.logintest1(java.lang.String,java.lang.String,java.lang.String)] has no parameters defined but was found to be using a data provider (either explicitly specified or inherited from class level annotation).
Data provider mismatch
Method: logintest1([java.lang.String arg0, java.lang.String arg1, java.lang.String arg2])
Arguments: [(java.lang.String) Konnectifyqa+6@gmail.com,(java.lang.String) Testing@123,(java.lang.String) Freshsales Suite,(java.lang.String) Konn,(java.lang.String) https://konnectify-freshworks.myfreshworks.com,(java.lang.String) Z4NrJytly0CWYDUGJDsj5Q]">
      <![CDATA[org.testng.internal.reflect.MethodMatcherException: 
[public void jailer.tests.LoginTest1.logintest1(java.lang.String,java.lang.String,java.lang.String)] has no parameters defined but was found to be using a data provider (either explicitly specified or inherited from class level annotation).
Data provider mismatch
Method: logintest1([java.lang.String arg0, java.lang.String arg1, java.lang.String arg2])
Arguments: [(java.lang.String) Konnectifyqa+6@gmail.com,(java.lang.String) Testing@123,(java.lang.String) Freshsales Suite,(java.lang.String) Konn,(java.lang.String) https://konnectify-freshworks.myfreshworks.com,(java.lang.String) Z4NrJytly0CWYDUGJDsj5Q]
at java.base/java.util.ArrayList.forEach(ArrayList.java:1511)
... Removed 22 stack frames]]>
    </failure>
  </testcase> <!-- logintest1 -->
</testsuite> <!-- chromeTest -->
